<?xml version="1.0" encoding="UTF-8"?>
<!-- Generated by org.testng.reporters.JUnitXMLReporter -->
<testsuite ignored="0" hostname="DESKTOP-LGTP02P" failures="1" tests="8" name="Allure Login and Cart Tests" time="30.812" errors="0" timestamp="2026-03-31T15:56:20 ICT">
  <testcase classname="bai7_refactor.tests.LoginTest" name="testLogin" time="0.821"/>
  <testcase classname="bai2_pom.tests.CartTest" name="testAddItemToCart" time="0.867"/>
  <testcase classname="bai7_refactor.tests.LoginTest" name="testLogin" time="0.653"/>
  <testcase classname="bai2_pom.tests.CartTest" name="testAddMultipleItemsAndVerify" time="0.936">
    <failure type="java.lang.AssertionError" message="Cart badge count phải bằng 2 expected [2] but found [1]">
      <![CDATA[java.lang.AssertionError: Cart badge count phải bằng 2 expected [2] but found [1]
at bai2_pom.tests.CartTest.testAddMultipleItemsAndVerify(CartTest.java:70)
at java.base/java.util.concurrent.Executors$RunnableAdapter.call(Executors.java:539)
at java.base/java.util.concurrent.FutureTask.run(FutureTask.java:264)
at java.base/java.util.concurrent.ThreadPoolExecutor.runWorker(ThreadPoolExecutor.java:1136)
at java.base/java.util.concurrent.ThreadPoolExecutor$Worker.run(ThreadPoolExecutor.java:635)
at java.base/java.lang.Thread.run(Thread.java:840)
... Removed 19 stack frames]]>
    </failure>
  </testcase> <!-- testAddMultipleItemsAndVerify -->
  <testcase classname="bai7_refactor.tests.LoginTest" name="testLogin" time="0.932"/>
  <testcase classname="bai7_refactor.tests.LoginTest" name="testLogin" time="0.441"/>
  <testcase classname="bai7_refactor.tests.LoginTest" name="testLogin" time="0.42"/>
  <testcase classname="bai2_pom.tests.CartTest" name="testRemoveItemFromCart" time="22.11"/>
</testsuite> <!-- Allure Login and Cart Tests -->
