<?xml version="1.0" encoding="UTF-8"?>
<!-- Generated by org.testng.reporters.JUnitReportReporter -->
<testsuite hostname="DESKTOP-LGTP02P" failures="0" tests="5" name="bai7_refactor.tests.LoginTest" time="11.752" errors="0" timestamp="2026-03-31T15:56:20 ICT" skipped="0">
  <testcase classname="bai7_refactor.tests.LoginTest" name="testLogin" time="2.221"/>
  <testcase classname="bai7_refactor.tests.LoginTest" name="testLogin" time="2.064"/>
  <testcase classname="bai7_refactor.tests.LoginTest" name="testLogin" time="2.337"/>
  <testcase classname="bai7_refactor.tests.LoginTest" name="testLogin" time="3.167"/>
  <testcase classname="bai7_refactor.tests.LoginTest" name="testLogin" time="1.963"/>
</testsuite> <!-- bai7_refactor.tests.LoginTest -->
